<?xml version="1.0" encoding="UTF-8"?>
<!-- Generated by org.testng.reporters.JUnitReportReporter -->
<testsuite skipped="0" hostname="MAA-5CG7041Q2D" name="com.framework.testcases.TC_001" tests="1" failures="0" timestamp="17 Dec 2019 13:37:19 GMT" time="32.171" errors="0">
  <testcase name="click" time="32.171" classname="com.framework.testcases.TC_001"/>
</testsuite> <!-- com.framework.testcases.TC_001 -->
