<?xml version="1.0" encoding="UTF-8"?>
<!-- Generated by org.testng.reporters.JUnitReportReporter -->
<testsuite skipped="2" hostname="MAA-5CG7041Q2D" name="runner.LoginUsingCucumber" tests="2" failures="0" timestamp="29 Sep 2019 12:32:42 GMT" time="0.253" errors="0">
  <testcase name="runScenario" time="0.012" classname="runner.LoginUsingCucumber">
    <skipped/>
  </testcase> <!-- runScenario -->
  <testcase name="runScenario" time="0.241" classname="runner.LoginUsingCucumber">
    <skipped/>
  </testcase> <!-- runScenario -->
</testsuite> <!-- runner.LoginUsingCucumber -->
