<?xml version="1.0" encoding="UTF-8"?>
<!-- Generated by org.testng.reporters.JUnitReportReporter -->
<testsuite skipped="0" hostname="VENKAT-PC" name="com.leafBot.testcases.TC008_Alerts" tests="1" failures="0" timestamp="09 Oct 2019 15:57:41 GMT" time="31.778" errors="0">
  <testcase name="select_alerts" time="31.778" classname="com.leafBot.testcases.TC008_Alerts"/>
</testsuite> <!-- com.leafBot.testcases.TC008_Alerts -->
