<?xml version="1.0" encoding="UTF-8"?>
<!-- Generated by org.testng.reporters.JUnitReportReporter -->
<testsuite skipped="0" hostname="DESKTOP-7U17FGV" name="com.framework.testcases.TESTCASE_1" tests="1" failures="0" timestamp="22 Oct 2019 16:14:53 GMT" time="15.644" errors="0">
  <testcase name="dropDown" time="15.644" classname="com.framework.testcases.TESTCASE_1"/>
</testsuite> <!-- com.framework.testcases.TESTCASE_1 -->
